array(1) {
  ["file"]=>
  array(6) {
    ["name"]=>
    string(17) "STUDENT_INFO.xlsx"
    ["full_path"]=>
    string(17) "STUDENT_INFO.xlsx"
    ["type"]=>
    string(65) "application/vnd.openxmlformats-officedocument.spreadsheetml.sheet"
    ["tmp_name"]=>
    string(24) "C:\xampp\tmp\php52B3.tmp"
    ["error"]=>
    int(0)
    ["size"]=>
    int(10990)
  }
}
array(0) {
}
array(1) {
  ["file"]=>
  array(6) {
    ["name"]=>
    string(17) "STUDENT_INFO.xlsx"
    ["full_path"]=>
    string(17) "STUDENT_INFO.xlsx"
    ["type"]=>
    string(65) "application/vnd.openxmlformats-officedocument.spreadsheetml.sheet"
    ["tmp_name"]=>
    string(24) "C:\xampp\tmp\php52B4.tmp"
    ["error"]=>
    int(0)
    ["size"]=>
    int(10990)
  }
}
array(0) {
}
array(1) {
  ["file"]=>
  array(6) {
    ["name"]=>
    string(17) "STUDENT_INFO.xlsx"
    ["full_path"]=>
    string(17) "STUDENT_INFO.xlsx"
    ["type"]=>
    string(65) "application/vnd.openxmlformats-officedocument.spreadsheetml.sheet"
    ["tmp_name"]=>
    string(24) "C:\xampp\tmp\phpC6CC.tmp"
    ["error"]=>
    int(0)
    ["size"]=>
    int(10990)
  }
}
array(0) {
}
array(1) {
  ["file"]=>
  array(6) {
    ["name"]=>
    string(17) "STUDENT_INFO.xlsx"
    ["full_path"]=>
    string(17) "STUDENT_INFO.xlsx"
    ["type"]=>
    string(65) "application/vnd.openxmlformats-officedocument.spreadsheetml.sheet"
    ["tmp_name"]=>
    string(24) "C:\xampp\tmp\phpC6CD.tmp"
    ["error"]=>
    int(0)
    ["size"]=>
    int(10990)
  }
}
array(0) {
}
array(1) {
  ["file"]=>
  array(6) {
    ["name"]=>
    string(17) "STUDENT_INFO.xlsx"
    ["full_path"]=>
    string(17) "STUDENT_INFO.xlsx"
    ["type"]=>
    string(65) "application/vnd.openxmlformats-officedocument.spreadsheetml.sheet"
    ["tmp_name"]=>
    string(24) "C:\xampp\tmp\php1B58.tmp"
    ["error"]=>
    int(0)
    ["size"]=>
    int(10990)
  }
}
array(0) {
}
array(1) {
  ["file"]=>
  array(6) {
    ["name"]=>
    string(17) "STUDENT_INFO.xlsx"
    ["full_path"]=>
    string(17) "STUDENT_INFO.xlsx"
    ["type"]=>
    string(65) "application/vnd.openxmlformats-officedocument.spreadsheetml.sheet"
    ["tmp_name"]=>
    string(24) "C:\xampp\tmp\php1B59.tmp"
    ["error"]=>
    int(0)
    ["size"]=>
    int(10990)
  }
}
array(0) {
}
array(1) {
  ["file"]=>
  array(6) {
    ["name"]=>
    string(17) "STUDENT_INFO.xlsx"
    ["full_path"]=>
    string(17) "STUDENT_INFO.xlsx"
    ["type"]=>
    string(65) "application/vnd.openxmlformats-officedocument.spreadsheetml.sheet"
    ["tmp_name"]=>
    string(24) "C:\xampp\tmp\phpCB57.tmp"
    ["error"]=>
    int(0)
    ["size"]=>
    int(10990)
  }
}
array(0) {
}
array(1) {
  ["file"]=>
  array(6) {
    ["name"]=>
    string(17) "STUDENT_INFO.xlsx"
    ["full_path"]=>
    string(17) "STUDENT_INFO.xlsx"
    ["type"]=>
    string(65) "application/vnd.openxmlformats-officedocument.spreadsheetml.sheet"
    ["tmp_name"]=>
    string(24) "C:\xampp\tmp\phpCB58.tmp"
    ["error"]=>
    int(0)
    ["size"]=>
    int(10990)
  }
}
array(0) {
}
array(1) {
  ["file"]=>
  array(6) {
    ["name"]=>
    string(17) "STUDENT_INFO.xlsx"
    ["full_path"]=>
    string(17) "STUDENT_INFO.xlsx"
    ["type"]=>
    string(65) "application/vnd.openxmlformats-officedocument.spreadsheetml.sheet"
    ["tmp_name"]=>
    string(24) "C:\xampp\tmp\php361A.tmp"
    ["error"]=>
    int(0)
    ["size"]=>
    int(10990)
  }
}
array(0) {
}
array(1) {
  ["file"]=>
  array(6) {
    ["name"]=>
    string(17) "STUDENT_INFO.xlsx"
    ["full_path"]=>
    string(17) "STUDENT_INFO.xlsx"
    ["type"]=>
    string(65) "application/vnd.openxmlformats-officedocument.spreadsheetml.sheet"
    ["tmp_name"]=>
    string(24) "C:\xampp\tmp\php361B.tmp"
    ["error"]=>
    int(0)
    ["size"]=>
    int(10990)
  }
}
array(0) {
}
array(1) {
  ["file"]=>
  array(6) {
    ["name"]=>
    string(17) "STUDENT_INFO.xlsx"
    ["full_path"]=>
    string(17) "STUDENT_INFO.xlsx"
    ["type"]=>
    string(65) "application/vnd.openxmlformats-officedocument.spreadsheetml.sheet"
    ["tmp_name"]=>
    string(24) "C:\xampp\tmp\phpEC53.tmp"
    ["error"]=>
    int(0)
    ["size"]=>
    int(10990)
  }
}
array(0) {
}
array(1) {
  ["file"]=>
  array(6) {
    ["name"]=>
    string(17) "STUDENT_INFO.xlsx"
    ["full_path"]=>
    string(17) "STUDENT_INFO.xlsx"
    ["type"]=>
    string(65) "application/vnd.openxmlformats-officedocument.spreadsheetml.sheet"
    ["tmp_name"]=>
    string(24) "C:\xampp\tmp\phpEC54.tmp"
    ["error"]=>
    int(0)
    ["size"]=>
    int(10990)
  }
}
array(0) {
}
